c:\users\0\desktop\supercard\release\vc142.pdb
c:\users\0\desktop\supercard\release\预处理定义.obj
c:\users\0\desktop\supercard\release\链表生成.obj
c:\users\0\desktop\supercard\release\链表插入.obj
c:\users\0\desktop\supercard\release\链表储存.obj
c:\users\0\desktop\supercard\release\输出.obj
c:\users\0\desktop\supercard\release\输入.obj
c:\users\0\desktop\supercard\release\统计.obj
c:\users\0\desktop\supercard\release\查询.obj
c:\users\0\desktop\supercard\release\文件测试1.obj
c:\users\0\desktop\supercard\release\文件加载.obj
c:\users\0\desktop\supercard\release\排序s.obj
c:\users\0\desktop\supercard\release\按学号搜索.obj
c:\users\0\desktop\supercard\release\多组插入.obj
c:\users\0\desktop\supercard\release\条件搜索.obj
c:\users\0\desktop\supercard\release\排序.obj
c:\users\0\desktop\supercard\release\录入.obj
c:\users\0\desktop\supercard\release\删除s.obj
c:\users\0\desktop\supercard\release\删除.obj
c:\users\0\desktop\supercard\release\主界面.obj
c:\users\0\desktop\supercard\release\first.obj
c:\users\0\desktop\win-tc--库\supercard\release\vc142.pdb
c:\users\0\desktop\win-tc--库\supercard\release\预处理定义.obj
c:\users\0\desktop\win-tc--库\supercard\release\链表生成.obj
c:\users\0\desktop\win-tc--库\supercard\release\链表插入.obj
c:\users\0\desktop\win-tc--库\supercard\release\链表储存.obj
c:\users\0\desktop\win-tc--库\supercard\release\输出.obj
c:\users\0\desktop\win-tc--库\supercard\release\输入.obj
c:\users\0\desktop\win-tc--库\supercard\release\统计.obj
c:\users\0\desktop\win-tc--库\supercard\release\查询.obj
c:\users\0\desktop\win-tc--库\supercard\release\文件测试1.obj
c:\users\0\desktop\win-tc--库\supercard\release\文件加载.obj
c:\users\0\desktop\win-tc--库\supercard\release\排序s.obj
c:\users\0\desktop\win-tc--库\supercard\release\按学号搜索.obj
c:\users\0\desktop\win-tc--库\supercard\release\多组插入.obj
c:\users\0\desktop\win-tc--库\supercard\release\条件搜索.obj
c:\users\0\desktop\win-tc--库\supercard\release\排序.obj
c:\users\0\desktop\win-tc--库\supercard\release\录入.obj
c:\users\0\desktop\win-tc--库\supercard\release\删除s.obj
c:\users\0\desktop\win-tc--库\supercard\release\删除.obj
c:\users\0\desktop\win-tc--库\supercard\release\主界面.obj
c:\users\0\desktop\win-tc--库\supercard\release\first.obj
c:\users\0\desktop\supercard\release\supercard.exe
c:\users\0\desktop\supercard\release\supercard.pdb
c:\users\0\desktop\win-tc--库\supercard\release\supercard.exe
c:\users\0\desktop\win-tc--库\supercard\release\supercard.pdb
c:\users\0\desktop\supercard\release\supercard.ipdb
c:\users\0\desktop\supercard\release\supercard.iobj
c:\users\0\desktop\win-tc--库\supercard\release\supercard.ipdb
c:\users\0\desktop\win-tc--库\supercard\release\supercard.iobj
c:\users\0\desktop\win-tc--库\supercard\release\supercard.tlog\cl.command.1.tlog
c:\users\0\desktop\win-tc--库\supercard\release\supercard.tlog\cl.read.1.tlog
c:\users\0\desktop\win-tc--库\supercard\release\supercard.tlog\cl.write.1.tlog
c:\users\0\desktop\win-tc--库\supercard\release\supercard.tlog\link.command.1.tlog
c:\users\0\desktop\win-tc--库\supercard\release\supercard.tlog\link.delete.1.tlog
c:\users\0\desktop\win-tc--库\supercard\release\supercard.tlog\link.read.1.tlog
c:\users\0\desktop\win-tc--库\supercard\release\supercard.tlog\link.write.1.tlog
c:\users\0\desktop\win-tc--库\supercard\release\supercard.tlog\supercard.write.1u.tlog
